2019-12-26T11:40:17+00:00 CRITICAL require(): Failed opening required 'C:\xampp\htdocs\myarabibox/wp-content/themes/MyTemplate/inc/ajax.php' (include_path='C:\xampp\php\PEAR') in C:\xampp\htdocs\myarabibox\wp-content\themes\MyTemplate\functions.php on line 3

2019-12-26T12:33:36+00:00 CRITICAL Object of class WP_Post could not be converted to string in C:\xampp\htdocs\myarabibox\wp-content\themes\simpleasy\components\navigation\navigation-top.php on line 24

2019-12-26T12:34:38+00:00 CRITICAL Uncaught Error: Cannot use object of type WP_Post as array in C:\xampp\htdocs\myarabibox\wp-content\themes\simpleasy\components\navigation\navigation-top.php:24
Stack trace:
#0 C:\xampp\htdocs\myarabibox\wp-includes\template.php(724): require()
#1 C:\xampp\htdocs\myarabibox\wp-includes\template.php(671): load_template('C:\\xampp\\htdocs...', false)
#2 C:\xampp\htdocs\myarabibox\wp-includes\general-template.php(168): locate_template(Array, true, false)
#3 C:\xampp\htdocs\myarabibox\wp-content\themes\simpleasy\header.php(38): get_template_part('components/navi...', 'top')
#4 C:\xampp\htdocs\myarabibox\wp-includes\template.php(722): require_once('C:\\xampp\\htdocs...')
#5 C:\xampp\htdocs\myarabibox\wp-includes\template.php(671): load_template('C:\\xampp\\htdocs...', true)
#6 C:\xampp\htdocs\myarabibox\wp-includes\general-template.php(41): locate_template(Array, true)
#7 C:\xampp\htdocs\myarabibox\wp-content\themes\simpleasy\page.php(15): get_header()
#8 C:\xampp\htdocs\myarabibox\wp-includes\template-loader.php( in C:\xampp\htdocs\myarabibox\wp-content\themes\simpleasy\components\navigation\navigation-top.php on line 24

2019-12-26T12:35:00+00:00 CRITICAL Uncaught Error: Cannot use object of type WP_Post as array in C:\xampp\htdocs\myarabibox\wp-content\themes\simpleasy\components\navigation\navigation-top.php:25
Stack trace:
#0 C:\xampp\htdocs\myarabibox\wp-includes\template.php(724): require()
#1 C:\xampp\htdocs\myarabibox\wp-includes\template.php(671): load_template('C:\\xampp\\htdocs...', false)
#2 C:\xampp\htdocs\myarabibox\wp-includes\general-template.php(168): locate_template(Array, true, false)
#3 C:\xampp\htdocs\myarabibox\wp-content\themes\simpleasy\header.php(38): get_template_part('components/navi...', 'top')
#4 C:\xampp\htdocs\myarabibox\wp-includes\template.php(722): require_once('C:\\xampp\\htdocs...')
#5 C:\xampp\htdocs\myarabibox\wp-includes\template.php(671): load_template('C:\\xampp\\htdocs...', true)
#6 C:\xampp\htdocs\myarabibox\wp-includes\general-template.php(41): locate_template(Array, true)
#7 C:\xampp\htdocs\myarabibox\wp-content\themes\simpleasy\page.php(15): get_header()
#8 C:\xampp\htdocs\myarabibox\wp-includes\template-loader.php( in C:\xampp\htdocs\myarabibox\wp-content\themes\simpleasy\components\navigation\navigation-top.php on line 25

2019-12-26T12:36:48+00:00 CRITICAL Uncaught Error: Cannot use object of type WP_Post as array in C:\xampp\htdocs\myarabibox\wp-content\themes\simpleasy\components\navigation\navigation-top.php:26
Stack trace:
#0 C:\xampp\htdocs\myarabibox\wp-includes\template.php(724): require()
#1 C:\xampp\htdocs\myarabibox\wp-includes\template.php(671): load_template('C:\\xampp\\htdocs...', false)
#2 C:\xampp\htdocs\myarabibox\wp-includes\general-template.php(168): locate_template(Array, true, false)
#3 C:\xampp\htdocs\myarabibox\wp-content\themes\simpleasy\header.php(38): get_template_part('components/navi...', 'top')
#4 C:\xampp\htdocs\myarabibox\wp-includes\template.php(722): require_once('C:\\xampp\\htdocs...')
#5 C:\xampp\htdocs\myarabibox\wp-includes\template.php(671): load_template('C:\\xampp\\htdocs...', true)
#6 C:\xampp\htdocs\myarabibox\wp-includes\general-template.php(41): locate_template(Array, true)
#7 C:\xampp\htdocs\myarabibox\wp-content\themes\simpleasy\page.php(15): get_header()
#8 C:\xampp\htdocs\myarabibox\wp-includes\template-loader.php( in C:\xampp\htdocs\myarabibox\wp-content\themes\simpleasy\components\navigation\navigation-top.php on line 26

